<?xml version="1.0" encoding="UTF-8"?>
<testng-results skipped="0" failed="0" ignored="0" total="3" passed="3">
  <reporter-output>
  </reporter-output>
  <suite name="Default suite" duration-ms="56187" started-at="2018-06-27T23:31:27Z" finished-at="2018-06-27T23:32:24Z">
    <groups>
    </groups>
    <test name="Default test" duration-ms="56187" started-at="2018-06-27T23:31:27Z" finished-at="2018-06-27T23:32:24Z">
      <class name="Testclasses.RecordMgntPageTest">
        <test-method status="PASS" signature="setUp()[pri:0, instance:Testclasses.RecordMgntPageTest@4524411f]" name="setUp" is-config="true" duration-ms="11410" started-at="2018-06-27T19:31:27Z" finished-at="2018-06-27T19:31:39Z">
          <reporter-output>
          </reporter-output>
        </test-method> <!-- setUp -->
        <test-method status="PASS" signature="logintest()[pri:1, instance:Testclasses.RecordMgntPageTest@4524411f]" name="logintest" duration-ms="29592" started-at="2018-06-27T19:31:39Z" finished-at="2018-06-27T19:32:08Z">
          <reporter-output>
          </reporter-output>
        </test-method> <!-- logintest -->
        <test-method status="PASS" signature="clickOnRecruitmentButton()[pri:2, instance:Testclasses.RecordMgntPageTest@4524411f]" name="clickOnRecruitmentButton" duration-ms="5122" started-at="2018-06-27T19:32:08Z" finished-at="2018-06-27T19:32:13Z">
          <reporter-output>
          </reporter-output>
        </test-method> <!-- clickOnRecruitmentButton -->
        <test-method status="PASS" signature="clickOnAddButton()[pri:3, instance:Testclasses.RecordMgntPageTest@4524411f]" name="clickOnAddButton" duration-ms="10026" started-at="2018-06-27T19:32:13Z" finished-at="2018-06-27T19:32:24Z">
          <reporter-output>
          </reporter-output>
        </test-method> <!-- clickOnAddButton -->
      </class> <!-- Testclasses.RecordMgntPageTest -->
    </test> <!-- Default test -->
  </suite> <!-- Default suite -->
</testng-results>
