<?xml version="1.0" encoding="UTF-8"?>
<testng-results skipped="0" failed="0" ignored="0" total="1" passed="1">
  <reporter-output>
  </reporter-output>
  <suite name="Default suite" duration-ms="13870" started-at="2018-06-27T22:58:18Z" finished-at="2018-06-27T22:58:32Z">
    <groups>
    </groups>
    <test name="Default test" duration-ms="13870" started-at="2018-06-27T22:58:18Z" finished-at="2018-06-27T22:58:32Z">
      <class name="Testclasses.loginpagetest">
        <test-method status="PASS" signature="setUp()[pri:0, instance:Testclasses.loginpagetest@4524411f]" name="setUp" is-config="true" duration-ms="9356" started-at="2018-06-27T18:58:18Z" finished-at="2018-06-27T18:58:28Z">
          <reporter-output>
          </reporter-output>
        </test-method> <!-- setUp -->
        <test-method status="PASS" signature="login()[pri:0, instance:Testclasses.loginpagetest@4524411f]" name="login" duration-ms="4475" started-at="2018-06-27T18:58:28Z" finished-at="2018-06-27T18:58:32Z">
          <reporter-output>
          </reporter-output>
        </test-method> <!-- login -->
      </class> <!-- Testclasses.loginpagetest -->
    </test> <!-- Default test -->
  </suite> <!-- Default suite -->
</testng-results>
